2025-03-04 23:57:14,214 - INFO - Starting main program logic.
2025-03-04 23:57:14,216 - INFO - Result: 5.0
2025-03-04 23:57:14,216 - ERROR - An error occurred: Example Error
2025-03-04 23:57:14,216 - INFO - Main program logic finished.
2025-03-04 23:58:09,770 - INFO - Starting main program logic.
2025-03-04 23:58:09,772 - INFO - Result: 5.0
2025-03-04 23:58:09,773 - ERROR - An error occurred: Example Error
2025-03-04 23:58:09,773 - INFO - Main program logic finished.
2025-03-04 23:58:45,467 - INFO - Starting main program logic.
2025-03-04 23:58:45,467 - INFO - Result: 5.0
2025-03-04 23:58:45,468 - ERROR - An error occurred: Example Error
2025-03-04 23:58:45,468 - INFO - Main program logic finished.
2025-03-04 23:59:01,036 - INFO - Starting main program logic.
2025-03-04 23:59:01,036 - ERROR - An error occurred: name 'clear' is not defined
2025-03-04 23:59:01,037 - INFO - Main program logic finished.
2025-03-05 00:00:27,498 - INFO - Starting main program logic.
2025-03-05 00:00:27,498 - INFO - Result: 5.0
2025-03-05 00:00:27,499 - ERROR - An error occurred: Example Error
2025-03-05 00:00:27,499 - INFO - Main program logic finished.
2025-03-05 00:02:23,735 - INFO - Starting main program logic.
2025-03-05 00:02:23,737 - INFO - Result: 5.0
2025-03-05 00:02:23,737 - ERROR - An error occurred: Example Error
2025-03-05 00:02:23,738 - INFO - Main program logic finished.
2025-03-05 00:04:09,173 - INFO - Starting main program logic.
2025-03-05 00:04:09,174 - INFO - Result: 5.0
2025-03-05 00:04:09,175 - ERROR - An error occurred: Example Error
2025-03-05 00:04:09,175 - INFO - Main program logic finished.
2025-03-05 00:04:35,866 - INFO - Starting main program logic.
2025-03-05 00:04:35,868 - ERROR - An error occurred: local variable 'ctl' referenced before assignment
2025-03-05 00:04:35,868 - INFO - Main program logic finished.
2025-03-05 00:05:05,845 - INFO - Starting main program logic.
2025-03-05 00:05:05,846 - INFO - Result: 5.0
2025-03-05 00:05:05,847 - ERROR - An error occurred: Example Error
2025-03-05 00:05:05,848 - INFO - Main program logic finished.
2025-03-05 00:06:53,447 - INFO - Starting main program logic.
2025-03-05 00:06:53,448 - INFO - Result: 5.0
2025-03-05 00:06:53,448 - ERROR - An error occurred: Example Error
2025-03-05 00:06:53,448 - INFO - Main program logic finished.
2025-03-05 00:08:15,679 - INFO - Starting main program logic.
2025-03-05 00:08:32,223 - INFO - Result: 5.0
2025-03-05 00:08:35,569 - ERROR - An error occurred: Example Error
2025-03-05 00:08:37,793 - INFO - Main program logic finished.
2025-03-05 00:08:54,258 - INFO - Starting main program logic.
2025-03-05 00:09:31,321 - INFO - Result: 5.0
2025-03-05 00:09:31,321 - ERROR - An error occurred: Example Error
2025-03-05 00:09:31,321 - INFO - Main program logic finished.
2025-03-05 00:20:48,649 - INFO - Starting main program logic.
2025-03-05 00:20:53,884 - INFO - Result: 5.0
2025-03-05 00:20:53,885 - ERROR - An error occurred: Example Error
2025-03-05 00:20:53,885 - INFO - Main program logic finished.
