Traceback (most recent call last):
  File "/home/jk/dev-git/jksfoTemp/python3/myGDSynch/cronjobs/cpJKSFO.R.5.py", line 25, in filesAreSame
    print(f"File same: " + sameFile + " | scrFile: " + scrFile + " | destFile: " + destFile)
          ~~~~~~~~~~~~~~~^~~~~~~~~~
TypeError: can only concatenate str (not "bool") to str
2025-05-11 02:16:55,152 INFO: File backed up and copied /home/jk/JKSFO.Resume/WorkTEST/KneeLeftXrays/V2Cropped/Knee AP (DX) 30Pct 2.png
2025-05-11 02:16:55,153 INFO: Copied /home/jk/Documents/WorkTEST/KneeLeftXrays/V2Cropped/Knee AP (DX) 30Pct 2.png to /home/jk/JKSFO.Resume/WorkTEST/KneeLeftXrays/V2Cropped/Knee AP (DX) 30Pct 2.png
2025-05-11 02:16:55,548 ERROR: Unexpected error:
Traceback (most recent call last):
  File "/home/jk/dev-git/jksfoTemp/python3/myGDSynch/cronjobs/cpJKSFO.R.5.py", line 25, in filesAreSame
    print(f"File same: " + sameFile + " | scrFile: " + scrFile + " | destFile: " + destFile)
          ~~~~~~~~~~~~~~~^~~~~~~~~~
TypeError: can only concatenate str (not "bool") to str
2025-05-11 02:16:57,699 INFO: File backed up and copied /home/jk/JKSFO.Resume/WorkTEST/KneeLeftXrays/Description.png
2025-05-11 02:16:57,699 INFO: Copied /home/jk/Documents/WorkTEST/KneeLeftXrays/Description.png to /home/jk/JKSFO.Resume/WorkTEST/KneeLeftXrays/Description.png
2025-05-11 02:16:58,235 ERROR: Unexpected error:
Traceback (most recent call last):
  File "/home/jk/dev-git/jksfoTemp/python3/myGDSynch/cronjobs/cpJKSFO.R.5.py", line 25, in filesAreSame
    print(f"File same: " + sameFile + " | scrFile: " + scrFile + " | destFile: " + destFile)
          ~~~~~~~~~~~~~~~^~~~~~~~~~
TypeError: can only concatenate str (not "bool") to str
2025-05-11 02:17:00,156 INFO: File backed up and copied /home/jk/JKSFO.Resume/WorkTEST/testDocFromVM
2025-05-11 02:17:00,157 INFO: Copied /home/jk/Documents/WorkTEST/testDocFromVM to /home/jk/JKSFO.Resume/WorkTEST/testDocFromVM
2025-05-11 02:17:00,638 ERROR: Unexpected error:
Traceback (most recent call last):
  File "/home/jk/dev-git/jksfoTemp/python3/myGDSynch/cronjobs/cpJKSFO.R.5.py", line 25, in filesAreSame
    print(f"File same: " + sameFile + " | scrFile: " + scrFile + " | destFile: " + destFile)
          ~~~~~~~~~~~~~~~^~~~~~~~~~
TypeError: can only concatenate str (not "bool") to str
2025-05-11 02:17:03,543 INFO: File backed up and copied /home/jk/JKSFO.Resume/WorkTEST/testingPyScript
2025-05-11 02:17:03,544 INFO: Copied /home/jk/Documents/WorkTEST/testingPyScript to /home/jk/JKSFO.Resume/WorkTEST/testingPyScript
2025-05-11 02:17:03,544 INFO: Recursion: /home/jk/Documents/WorkTEST/TBReports
2025-05-11 02:17:03,545 INFO: Dir exists: /home/jk/JKSFO.Resume/WorkTEST/TBReports
2025-05-11 02:17:04,465 ERROR: Unexpected error:
Traceback (most recent call last):
  File "/home/jk/dev-git/jksfoTemp/python3/myGDSynch/cronjobs/cpJKSFO.R.5.py", line 25, in filesAreSame
    print(f"File same: " + sameFile + " | scrFile: " + scrFile + " | destFile: " + destFile)
          ~~~~~~~~~~~~~~~^~~~~~~~~~
TypeError: can only concatenate str (not "bool") to str
2025-05-11 02:17:06,052 INFO: File backed up and copied /home/jk/JKSFO.Resume/WorkTEST/TBReports/TB_Results.txt
2025-05-11 02:17:06,053 INFO: Copied /home/jk/Documents/WorkTEST/TBReports/TB_Results.txt to /home/jk/JKSFO.Resume/WorkTEST/TBReports/TB_Results.txt
2025-05-11 02:17:06,055 ERROR: Unexpected error:
Traceback (most recent call last):
  File "/home/jk/dev-git/jksfoTemp/python3/myGDSynch/cronjobs/cpJKSFO.R.5.py", line 25, in filesAreSame
    print(f"File same: " + sameFile + " | scrFile: " + scrFile + " | destFile: " + destFile)
          ~~~~~~~~~~~~~~~^~~~~~~~~~
TypeError: can only concatenate str (not "bool") to str
2025-05-11 02:17:07,947 INFO: File backed up and copied /home/jk/JKSFO.Resume/WorkTEST/TBReports/MHV-TB-RAD-50-2024.pdf
2025-05-11 02:17:07,948 INFO: Copied /home/jk/Documents/WorkTEST/TBReports/MHV-TB-RAD-50-2024.pdf to /home/jk/JKSFO.Resume/WorkTEST/TBReports/MHV-TB-RAD-50-2024.pdf
2025-05-11 02:17:07,948 INFO: 
End: 02:17:07

2025-05-11 02:19:21,148 INFO: 
Begin: 02:19:21
2025-05-11 02:19:21,306 INFO: Dir exists: /home/jk/JKSFO.Resume/WorkTEST/
2025-05-11 02:19:22,003 INFO: Copied /home/jk/Documents/WorkTEST/PhysicalTherapyBalance.pdf to /home/jk/JKSFO.Resume/WorkTEST/PhysicalTherapyBalance.pdf
2025-05-11 02:19:22,003 INFO: Recursion: /home/jk/Documents/WorkTEST/HealthSummaries
2025-05-11 02:19:22,004 INFO: Dir exists: /home/jk/JKSFO.Resume/WorkTEST/HealthSummaries
2025-05-11 02:19:22,205 INFO: Copied /home/jk/Documents/WorkTEST/HealthSummaries/mhv_KELLY_20240522_1433.txt to /home/jk/JKSFO.Resume/WorkTEST/HealthSummaries/mhv_KELLY_20240522_1433.txt
2025-05-11 02:19:22,719 INFO: Copied /home/jk/Documents/WorkTEST/testingAgain to /home/jk/JKSFO.Resume/WorkTEST/testingAgain
2025-05-11 02:19:22,719 INFO: Recursion: /home/jk/Documents/WorkTEST/KneeLeftXrays
2025-05-11 02:19:22,720 INFO: Dir exists: /home/jk/JKSFO.Resume/WorkTEST/KneeLeftXrays
2025-05-11 02:19:23,371 INFO: Copied /home/jk/Documents/WorkTEST/KneeLeftXrays/Description2.png to /home/jk/JKSFO.Resume/WorkTEST/KneeLeftXrays/Description2.png
2025-05-11 02:19:23,372 INFO: Recursion: /home/jk/Documents/WorkTEST/KneeLeftXrays/V2Cropped
2025-05-11 02:19:23,372 INFO: Dir exists: /home/jk/JKSFO.Resume/WorkTEST/KneeLeftXrays/V2Cropped
2025-05-11 02:19:24,055 INFO: Copied /home/jk/Documents/WorkTEST/KneeLeftXrays/V2Cropped/Description2.png to /home/jk/JKSFO.Resume/WorkTEST/KneeLeftXrays/V2Cropped/Description2.png
2025-05-11 02:19:24,536 INFO: Copied /home/jk/Documents/WorkTEST/KneeLeftXrays/V2Cropped/Knee AP (DX) 30Pct 2.png to /home/jk/JKSFO.Resume/WorkTEST/KneeLeftXrays/V2Cropped/Knee AP (DX) 30Pct 2.png
2025-05-11 02:19:25,107 INFO: Copied /home/jk/Documents/WorkTEST/KneeLeftXrays/Description.png to /home/jk/JKSFO.Resume/WorkTEST/KneeLeftXrays/Description.png
2025-05-11 02:19:25,794 INFO: Copied /home/jk/Documents/WorkTEST/testDocFromVM to /home/jk/JKSFO.Resume/WorkTEST/testDocFromVM
2025-05-11 02:19:26,386 INFO: Copied /home/jk/Documents/WorkTEST/testingPyScript to /home/jk/JKSFO.Resume/WorkTEST/testingPyScript
2025-05-11 02:19:26,386 INFO: Recursion: /home/jk/Documents/WorkTEST/TBReports
2025-05-11 02:19:26,386 INFO: Dir exists: /home/jk/JKSFO.Resume/WorkTEST/TBReports
2025-05-11 02:19:26,919 INFO: Copied /home/jk/Documents/WorkTEST/TBReports/TB_Results.txt to /home/jk/JKSFO.Resume/WorkTEST/TBReports/TB_Results.txt
2025-05-11 02:19:26,920 INFO: Copied /home/jk/Documents/WorkTEST/TBReports/MHV-TB-RAD-50-2024.pdf to /home/jk/JKSFO.Resume/WorkTEST/TBReports/MHV-TB-RAD-50-2024.pdf
2025-05-11 02:19:26,921 INFO: 
End: 02:19:26

2025-05-11 02:20:41,974 INFO: 
Begin: 02:20:41
2025-05-11 02:20:41,978 INFO: Dir exists: /home/jk/JKSFO.Resume/WorkTEST/
2025-05-11 02:20:42,475 INFO: Copied /home/jk/Documents/WorkTEST/PhysicalTherapyBalance.pdf to /home/jk/JKSFO.Resume/WorkTEST/PhysicalTherapyBalance.pdf
2025-05-11 02:20:42,475 INFO: Recursion: /home/jk/Documents/WorkTEST/HealthSummaries
2025-05-11 02:20:42,476 INFO: Dir exists: /home/jk/JKSFO.Resume/WorkTEST/HealthSummaries
2025-05-11 02:20:42,476 INFO: Copied /home/jk/Documents/WorkTEST/HealthSummaries/mhv_KELLY_20240522_1433.txt to /home/jk/JKSFO.Resume/WorkTEST/HealthSummaries/mhv_KELLY_20240522_1433.txt
2025-05-11 02:20:42,845 INFO: Copied /home/jk/Documents/WorkTEST/testingAgain to /home/jk/JKSFO.Resume/WorkTEST/testingAgain
2025-05-11 02:20:42,847 INFO: Recursion: /home/jk/Documents/WorkTEST/KneeLeftXrays
2025-05-11 02:20:42,850 INFO: Dir exists: /home/jk/JKSFO.Resume/WorkTEST/KneeLeftXrays
2025-05-11 02:20:43,942 INFO: Copied /home/jk/Documents/WorkTEST/KneeLeftXrays/Description2.png to /home/jk/JKSFO.Resume/WorkTEST/KneeLeftXrays/Description2.png
2025-05-11 02:20:43,942 INFO: Recursion: /home/jk/Documents/WorkTEST/KneeLeftXrays/V2Cropped
2025-05-11 02:20:43,943 INFO: Dir exists: /home/jk/JKSFO.Resume/WorkTEST/KneeLeftXrays/V2Cropped
2025-05-11 02:20:44,725 INFO: Copied /home/jk/Documents/WorkTEST/KneeLeftXrays/V2Cropped/Description2.png to /home/jk/JKSFO.Resume/WorkTEST/KneeLeftXrays/V2Cropped/Description2.png
2025-05-11 02:20:45,676 INFO: Copied /home/jk/Documents/WorkTEST/KneeLeftXrays/V2Cropped/Knee AP (DX) 30Pct 2.png to /home/jk/JKSFO.Resume/WorkTEST/KneeLeftXrays/V2Cropped/Knee AP (DX) 30Pct 2.png
2025-05-11 02:20:46,261 INFO: Copied /home/jk/Documents/WorkTEST/KneeLeftXrays/Description.png to /home/jk/JKSFO.Resume/WorkTEST/KneeLeftXrays/Description.png
2025-05-11 02:20:46,533 INFO: Copied /home/jk/Documents/WorkTEST/testDocFromVM to /home/jk/JKSFO.Resume/WorkTEST/testDocFromVM
2025-05-11 02:20:46,805 INFO: Copied /home/jk/Documents/WorkTEST/testingPyScript to /home/jk/JKSFO.Resume/WorkTEST/testingPyScript
2025-05-11 02:20:46,805 INFO: Recursion: /home/jk/Documents/WorkTEST/TBReports
2025-05-11 02:20:46,805 INFO: Dir exists: /home/jk/JKSFO.Resume/WorkTEST/TBReports
2025-05-11 02:20:48,371 INFO: File backed up and copied /home/jk/JKSFO.Resume/WorkTEST/TBReports/TB_Results.txt
2025-05-11 02:20:48,371 INFO: Copied /home/jk/Documents/WorkTEST/TBReports/TB_Results.txt to /home/jk/JKSFO.Resume/WorkTEST/TBReports/TB_Results.txt
2025-05-11 02:20:48,371 INFO: Copied /home/jk/Documents/WorkTEST/TBReports/MHV-TB-RAD-50-2024.pdf to /home/jk/JKSFO.Resume/WorkTEST/TBReports/MHV-TB-RAD-50-2024.pdf
2025-05-11 02:20:48,374 INFO: 
End: 02:20:48

2025-05-11 02:40:10,666 INFO: 
Begin: 02:40:10
2025-05-11 02:40:10,879 INFO: Dir exists: /home/jk/JKSFO.Resume/WorkTEST/
2025-05-11 02:40:24,669 INFO: Nothing to do  /home/jk/JKSFO.Resume/WorkTEST/PhysicalTherapyBalance.pdf 
2025-05-11 02:40:30,594 INFO: Recursion: /home/jk/Documents/WorkTEST/HealthSummaries
2025-05-11 02:40:32,230 INFO: Dir exists: /home/jk/JKSFO.Resume/WorkTEST/HealthSummaries
2025-05-11 02:40:37,331 INFO: Nothing to do  /home/jk/JKSFO.Resume/WorkTEST/HealthSummaries/mhv_KELLY_20240522_1433.txt 
2025-05-11 02:40:39,226 INFO: Nothing to do  /home/jk/JKSFO.Resume/WorkTEST/testingAgain 
2025-05-11 02:40:39,228 INFO: Recursion: /home/jk/Documents/WorkTEST/KneeLeftXrays
2025-05-11 02:40:39,228 INFO: Dir exists: /home/jk/JKSFO.Resume/WorkTEST/KneeLeftXrays
2025-05-11 02:40:43,160 INFO: Nothing to do  /home/jk/JKSFO.Resume/WorkTEST/KneeLeftXrays/Description2.png 
2025-05-11 02:40:43,160 INFO: Recursion: /home/jk/Documents/WorkTEST/KneeLeftXrays/V2Cropped
2025-05-11 02:40:43,161 INFO: Dir exists: /home/jk/JKSFO.Resume/WorkTEST/KneeLeftXrays/V2Cropped
2025-05-11 02:40:54,718 INFO: Nothing to do  /home/jk/JKSFO.Resume/WorkTEST/KneeLeftXrays/V2Cropped/Description2.png 
2025-05-11 02:40:55,422 INFO: Nothing to do  /home/jk/JKSFO.Resume/WorkTEST/KneeLeftXrays/V2Cropped/Knee AP (DX) 30Pct 2.png 
2025-05-11 02:40:55,987 INFO: Nothing to do  /home/jk/JKSFO.Resume/WorkTEST/KneeLeftXrays/Description.png 
2025-05-11 02:40:57,035 INFO: Nothing to do  /home/jk/JKSFO.Resume/WorkTEST/testDocFromVM 
2025-05-11 02:40:57,547 INFO: Nothing to do  /home/jk/JKSFO.Resume/WorkTEST/testingPyScript 
2025-05-11 02:40:57,547 INFO: Recursion: /home/jk/Documents/WorkTEST/TBReports
2025-05-11 02:40:57,548 INFO: Dir exists: /home/jk/JKSFO.Resume/WorkTEST/TBReports
2025-05-11 02:40:58,573 INFO: Nothing to do  /home/jk/JKSFO.Resume/WorkTEST/TBReports/TB_Results.txt 
2025-05-11 02:40:58,574 INFO: Nothing to do  /home/jk/JKSFO.Resume/WorkTEST/TBReports/MHV-TB-RAD-50-2024.pdf 
2025-05-11 02:40:58,575 INFO: 
End: 02:40:58

